0 info it worked if it ends with ok
1 verbose cli [ 'C:\\Program Files\\nodejs\\node.exe',
1 verbose cli   'C:\\Program Files\\nodejs\\node_modules\\npm\\bin\\npm-cli.js',
1 verbose cli   'run',
1 verbose cli   'mock' ]
2 info using npm@3.10.10
3 info using node@v6.10.2
4 verbose run-script [ 'premock', 'mock', 'postmock' ]
5 info lifecycle public_comment@1.0.0~premock: public_comment@1.0.0
6 silly lifecycle public_comment@1.0.0~premock: no script for premock, continuing
7 info lifecycle public_comment@1.0.0~mock: public_comment@1.0.0
8 verbose lifecycle public_comment@1.0.0~mock: unsafe-perm in lifecycle true
9 verbose lifecycle public_comment@1.0.0~mock: PATH: C:\Program Files\nodejs\node_modules\npm\bin\node-gyp-bin;C:\Users\ZJ\WebstormProjects\public comment\node_modules\.bin;C:\ProgramData\Oracle\Java\javapath;C:\Program Files\Java\jdk1.8.0_73\bin;C:\Program Files\Java\jdk1.8.0_73\jre\bin;C:\Program Files (x86)\Calibre2\;C:\Windows\System32\;C:\WINDOWS;C:\WINDOWS\system32\wbem;C:\WINDOWS\system32;C:\WINDOWS\System32\Wbem;C:\WINDOWS\System32\WindowsPowerShell\v1.0\;C:\Program Files\MySQL\MySQL Server 5.5\bin;C:\Program Files\nodejs\;C:\Program Files\Git\cmd;C:\Users\ZJ\AppData\Local\Microsoft\WindowsApps;C:\Users\ZJ\AppData\Roaming\npm;C:\Users\ZJ\AppData\Local\Android\Sdk\tools;C:\Users\ZJ\AppData\Local\Android\Sdk\platform-tools
10 verbose lifecycle public_comment@1.0.0~mock: CWD: C:\Users\ZJ\WebstormProjects\public comment
11 silly lifecycle public_comment@1.0.0~mock: Args: [ '/d /s /c', 'node ./mock/server.js' ]
12 verbose stack Error: kill ENOSYS
12 verbose stack     at exports._errnoException (util.js:1018:11)
12 verbose stack     at process.kill (internal/process.js:190:13)
12 verbose stack     at process.listener (C:\Program Files\nodejs\node_modules\npm\node_modules\npmlog\node_modules\gauge\node_modules\signal-exit\index.js:86:15)
12 verbose stack     at emitNone (events.js:91:20)
12 verbose stack     at process.emit (events.js:185:7)
12 verbose stack     at processEmit (C:\Program Files\nodejs\node_modules\npm\node_modules\npmlog\node_modules\gauge\node_modules\signal-exit\index.js:146:32)
12 verbose stack     at processEmit (C:\Program Files\nodejs\node_modules\npm\node_modules\npm-registry-client\node_modules\npmlog\node_modules\gauge\node_modules\signal-exit\index.js:146:32)
12 verbose stack     at Signal.wrap.onsignal (internal/process.js:217:44)
13 verbose cwd C:\Users\ZJ\WebstormProjects\public comment
14 error Windows_NT 10.0.14393
15 error argv "C:\\Program Files\\nodejs\\node.exe" "C:\\Program Files\\nodejs\\node_modules\\npm\\bin\\npm-cli.js" "run" "mock"
16 error node v6.10.2
17 error npm  v3.10.10
18 error code ENOSYS
19 error errno ENOSYS
20 error syscall kill
21 error kill ENOSYS
22 error If you need help, you may report this error at:
22 error     <https://github.com/npm/npm/issues>
23 verbose exit [ 1, true ]
